<?xml version="1.0" encoding="UTF-8"?>
<!-- Generated by org.testng.reporters.JUnitXMLReporter -->
<testsuite ignored="0" hostname="LTIN279717" failures="0" tests="3" name="Test" time="35.353" errors="0" timestamp="2024-03-05T15:49:30 IST">
  <testcase classname="testng_testsuite.SmokeTest" name="Finding_Doctor" time="7.321"/>
  <testcase classname="testng_testsuite.SmokeTest" name="Top_Surgery" time="3.78"/>
  <testcase classname="testng_testsuite.SmokeTest" name="Wellness_Form" time="8.234"/>
</testsuite> <!-- Test -->
