<?xml version="1.0" encoding="UTF-8"?>
<!-- Generated by org.testng.reporters.JUnitXMLReporter -->
<testsuite ignored="0" hostname="LTIN279717" failures="0" tests="3" name="Test" time="476.887" errors="0" timestamp="2024-03-04T17:55:08 IST">
  <testcase classname="testCases.TC_001" name="Finding_Doctor" time="396.159"/>
  <testcase classname="testCases.TC_002" name="Top_Surgery" time="6.682"/>
  <testcase classname="testCases.TC_003" name="Wellness_Form" time="37.759"/>
</testsuite> <!-- Test -->
