<?xml version="1.0" encoding="UTF-8"?>
<testng-results ignored="0" total="3" passed="2" failed="1" skipped="0">
  <reporter-output>
  </reporter-output>
  <suite started-at="2024-02-29T15:07:07 IST" name="Suite" finished-at="2024-02-29T15:09:57 IST" duration-ms="170639">
    <groups>
    </groups>
    <test started-at="2024-02-29T15:07:07 IST" name="Test" finished-at="2024-02-29T15:09:57 IST" duration-ms="170639">
      <class name="testCases.TC_003">
        <test-method is-config="true" signature="setup()[pri:0, instance:testCases.TC_003@49e53c76]" started-at="2024-02-29T15:09:15 IST" name="setup" finished-at="2024-02-29T15:09:29 IST" duration-ms="13661" status="PASS">
          <reporter-output>
          </reporter-output>
        </test-method> <!-- setup -->
        <test-method is-config="true" signature="waitFun()[pri:0, instance:testCases.TC_003@49e53c76]" started-at="2024-02-29T15:09:29 IST" name="waitFun" finished-at="2024-02-29T15:09:29 IST" duration-ms="10" status="PASS">
          <reporter-output>
          </reporter-output>
        </test-method> <!-- waitFun -->
        <test-method signature="Wellness_Form()[pri:0, instance:testCases.TC_003@49e53c76]" started-at="2024-02-29T15:09:29 IST" name="Wellness_Form" finished-at="2024-02-29T15:09:53 IST" duration-ms="24217" status="PASS">
          <reporter-output>
          </reporter-output>
        </test-method> <!-- Wellness_Form -->
        <test-method is-config="true" signature="close()[pri:0, instance:testCases.TC_003@49e53c76]" started-at="2024-02-29T15:09:53 IST" name="close" finished-at="2024-02-29T15:09:57 IST" duration-ms="4042" status="PASS">
          <reporter-output>
          </reporter-output>
        </test-method> <!-- close -->
      </class> <!-- testCases.TC_003 -->
      <class name="testCases.TC_001">
        <test-method is-config="true" signature="setup()[pri:0, instance:testCases.TC_001@42a48628]" started-at="2024-02-29T15:07:07 IST" name="setup" finished-at="2024-02-29T15:07:38 IST" duration-ms="30552" status="PASS">
          <reporter-output>
          </reporter-output>
        </test-method> <!-- setup -->
        <test-method is-config="true" signature="waitFun()[pri:0, instance:testCases.TC_001@42a48628]" started-at="2024-02-29T15:07:38 IST" name="waitFun" finished-at="2024-02-29T15:07:38 IST" duration-ms="8" status="PASS">
          <reporter-output>
          </reporter-output>
        </test-method> <!-- waitFun -->
        <test-method signature="Finding_Doctor()[pri:0, instance:testCases.TC_001@42a48628]" started-at="2024-02-29T15:07:38 IST" name="Finding_Doctor" finished-at="2024-02-29T15:08:46 IST" duration-ms="68031" status="FAIL">
          <exception class="org.openqa.selenium.TimeoutException">
            <message>
              <![CDATA[timeout: Timed out receiving message from renderer: 29.994
  (Session info: chrome=120.0.6099.130)
Build info: version: '4.17.0', revision: 'e52b1be057*'
System info: os.name: 'Windows 11', os.arch: 'amd64', os.version: '10.0', java.version: '21.0.1'
Driver info: org.openqa.selenium.remote.RemoteWebDriver
Command: [2ca2e20ffce7d52c5487563b5cf055d5, refresh {}]
Capabilities {acceptInsecureCerts: false, browserName: chrome, browserVersion: 120.0.6099.130, chrome: {chromedriverVersion: 120.0.6099.109 (3419140ab66..., userDataDir: C:\Users\2304108\AppData\Lo...}, fedcm:accounts: true, goog:chromeOptions: {debuggerAddress: localhost:57570}, networkConnectionEnabled: false, pageLoadStrategy: normal, platformName: Windows 11, proxy: Proxy(), se:bidiEnabled: false, se:cdp: ws://10.66.136.150:4444/ses..., se:cdpVersion: 120.0.6099.130, setWindowRect: true, strictFileInteractability: false, timeouts: {implicit: 0, pageLoad: 300000, script: 30000}, unhandledPromptBehavior: dismiss and notify, webauthn:extension:credBlob: true, webauthn:extension:largeBlob: true, webauthn:extension:minPinLength: true, webauthn:extension:prf: true, webauthn:virtualAuthenticators: true}
Session ID: 2ca2e20ffce7d52c5487563b5cf055d5]]>
            </message>
            <full-stacktrace>
              <![CDATA[org.openqa.selenium.TimeoutException: timeout: Timed out receiving message from renderer: 29.994
  (Session info: chrome=120.0.6099.130)
Build info: version: '4.17.0', revision: 'e52b1be057*'
System info: os.name: 'Windows 11', os.arch: 'amd64', os.version: '10.0', java.version: '21.0.1'
Driver info: org.openqa.selenium.remote.RemoteWebDriver
Command: [2ca2e20ffce7d52c5487563b5cf055d5, refresh {}]
Capabilities {acceptInsecureCerts: false, browserName: chrome, browserVersion: 120.0.6099.130, chrome: {chromedriverVersion: 120.0.6099.109 (3419140ab66..., userDataDir: C:\Users\2304108\AppData\Lo...}, fedcm:accounts: true, goog:chromeOptions: {debuggerAddress: localhost:57570}, networkConnectionEnabled: false, pageLoadStrategy: normal, platformName: Windows 11, proxy: Proxy(), se:bidiEnabled: false, se:cdp: ws://10.66.136.150:4444/ses..., se:cdpVersion: 120.0.6099.130, setWindowRect: true, strictFileInteractability: false, timeouts: {implicit: 0, pageLoad: 300000, script: 30000}, unhandledPromptBehavior: dismiss and notify, webauthn:extension:credBlob: true, webauthn:extension:largeBlob: true, webauthn:extension:minPinLength: true, webauthn:extension:prf: true, webauthn:virtualAuthenticators: true}
Session ID: 2ca2e20ffce7d52c5487563b5cf055d5
at java.base/jdk.internal.reflect.DirectConstructorHandleAccessor.newInstance(DirectConstructorHandleAccessor.java:62)
at java.base/java.lang.reflect.Constructor.newInstanceWithCaller(Constructor.java:502)
at java.base/java.lang.reflect.Constructor.newInstance(Constructor.java:486)
at org.openqa.selenium.remote.codec.w3c.W3CHttpResponseCodec.createException(W3CHttpResponseCodec.java:185)
at org.openqa.selenium.remote.codec.w3c.W3CHttpResponseCodec.decode(W3CHttpResponseCodec.java:134)
at org.openqa.selenium.remote.codec.w3c.W3CHttpResponseCodec.decode(W3CHttpResponseCodec.java:51)
at org.openqa.selenium.remote.HttpCommandExecutor.execute(HttpCommandExecutor.java:190)
at org.openqa.selenium.remote.TracedCommandExecutor.execute(TracedCommandExecutor.java:51)
at org.openqa.selenium.remote.RemoteWebDriver.execute(RemoteWebDriver.java:519)
at org.openqa.selenium.remote.RemoteWebDriver.execute(RemoteWebDriver.java:592)
at org.openqa.selenium.remote.RemoteWebDriver.execute(RemoteWebDriver.java:596)
at org.openqa.selenium.remote.RemoteWebDriver$RemoteNavigation.refresh(RemoteWebDriver.java:1074)
at testCases.TC_001.Finding_Doctor(TC_001.java:65)
at java.base/jdk.internal.reflect.DirectMethodHandleAccessor.invoke(DirectMethodHandleAccessor.java:103)
at java.base/java.lang.reflect.Method.invoke(Method.java:580)
at org.testng.internal.invokers.MethodInvocationHelper.invokeMethod(MethodInvocationHelper.java:139)
at org.testng.internal.invokers.TestInvoker.invokeMethod(TestInvoker.java:664)
at org.testng.internal.invokers.TestInvoker.invokeTestMethod(TestInvoker.java:228)
at org.testng.internal.invokers.MethodRunner.runInSequence(MethodRunner.java:63)
at org.testng.internal.invokers.TestInvoker$MethodInvocationAgent.invoke(TestInvoker.java:961)
at org.testng.internal.invokers.TestInvoker.invokeTestMethods(TestInvoker.java:201)
at org.testng.internal.invokers.TestMethodWorker.invokeTestMethods(TestMethodWorker.java:148)
at org.testng.internal.invokers.TestMethodWorker.run(TestMethodWorker.java:128)
at java.base/java.util.ArrayList.forEach(ArrayList.java:1596)
at org.testng.TestRunner.privateRun(TestRunner.java:819)
at org.testng.TestRunner.run(TestRunner.java:619)
at org.testng.SuiteRunner.runTest(SuiteRunner.java:443)
at org.testng.SuiteRunner.runSequentially(SuiteRunner.java:437)
at org.testng.SuiteRunner.privateRun(SuiteRunner.java:397)
at org.testng.SuiteRunner.run(SuiteRunner.java:336)
at org.testng.SuiteRunnerWorker.runSuite(SuiteRunnerWorker.java:52)
at org.testng.SuiteRunnerWorker.run(SuiteRunnerWorker.java:95)
at org.testng.TestNG.runSuitesSequentially(TestNG.java:1301)
at org.testng.TestNG.runSuitesLocally(TestNG.java:1228)
at org.testng.TestNG.runSuites(TestNG.java:1134)
at org.testng.TestNG.run(TestNG.java:1101)
at org.apache.maven.surefire.testng.TestNGExecutor.run(TestNGExecutor.java:308)
at org.apache.maven.surefire.testng.TestNGXmlTestSuite.execute(TestNGXmlTestSuite.java:71)
at org.apache.maven.surefire.testng.TestNGProvider.invoke(TestNGProvider.java:113)
at org.apache.maven.surefire.booter.ForkedBooter.runSuitesInProcess(ForkedBooter.java:385)
at org.apache.maven.surefire.booter.ForkedBooter.execute(ForkedBooter.java:162)
at org.apache.maven.surefire.booter.ForkedBooter.run(ForkedBooter.java:507)
at org.apache.maven.surefire.booter.ForkedBooter.main(ForkedBooter.java:495)
]]>
            </full-stacktrace>
          </exception> <!-- org.openqa.selenium.TimeoutException -->
          <reporter-output>
          </reporter-output>
        </test-method> <!-- Finding_Doctor -->
        <test-method is-config="true" signature="close()[pri:0, instance:testCases.TC_001@42a48628]" started-at="2024-02-29T15:08:46 IST" name="close" finished-at="2024-02-29T15:08:50 IST" duration-ms="3363" status="PASS">
          <reporter-output>
          </reporter-output>
        </test-method> <!-- close -->
      </class> <!-- testCases.TC_001 -->
      <class name="testCases.TC_002">
        <test-method is-config="true" signature="setup()[pri:0, instance:testCases.TC_002@38d8f54a]" started-at="2024-02-29T15:08:50 IST" name="setup" finished-at="2024-02-29T15:09:04 IST" duration-ms="13927" status="PASS">
          <reporter-output>
          </reporter-output>
        </test-method> <!-- setup -->
        <test-method is-config="true" signature="waitFun()[pri:0, instance:testCases.TC_002@38d8f54a]" started-at="2024-02-29T15:09:04 IST" name="waitFun" finished-at="2024-02-29T15:09:04 IST" duration-ms="16" status="PASS">
          <reporter-output>
          </reporter-output>
        </test-method> <!-- waitFun -->
        <test-method signature="Top_Surgery()[pri:0, instance:testCases.TC_002@38d8f54a]" started-at="2024-02-29T15:09:04 IST" name="Top_Surgery" finished-at="2024-02-29T15:09:11 IST" duration-ms="7618" status="PASS">
          <reporter-output>
          </reporter-output>
        </test-method> <!-- Top_Surgery -->
        <test-method is-config="true" signature="close()[pri:0, instance:testCases.TC_002@38d8f54a]" started-at="2024-02-29T15:09:12 IST" name="close" finished-at="2024-02-29T15:09:15 IST" duration-ms="3139" status="PASS">
          <reporter-output>
          </reporter-output>
        </test-method> <!-- close -->
      </class> <!-- testCases.TC_002 -->
    </test> <!-- Test -->
  </suite> <!-- Suite -->
</testng-results>
