<?xml version="1.0" encoding="UTF-8"?>
<testng-results ignored="0" total="1" passed="1" failed="0" skipped="0">
  <reporter-output>
  </reporter-output>
  <suite started-at="2024-02-29T11:37:47 IST" name="Suite" finished-at="2024-02-29T11:39:33 IST" duration-ms="105924">
    <groups>
    </groups>
    <test started-at="2024-02-29T11:37:47 IST" name="Test" finished-at="2024-02-29T11:39:33 IST" duration-ms="105924">
      <class name="testCases.TC_003">
        <test-method is-config="true" signature="setup()[pri:0, instance:testCases.TC_003@4659191b]" started-at="2024-02-29T11:37:50 IST" name="setup" finished-at="2024-02-29T11:38:23 IST" duration-ms="32969" status="PASS">
          <reporter-output>
          </reporter-output>
        </test-method> <!-- setup -->
        <test-method is-config="true" signature="waitFun()[pri:0, instance:testCases.TC_003@4659191b]" started-at="2024-02-29T11:38:23 IST" name="waitFun" finished-at="2024-02-29T11:38:23 IST" duration-ms="19" status="PASS">
          <reporter-output>
          </reporter-output>
        </test-method> <!-- waitFun -->
        <test-method signature="Wellness_Form()[pri:0, instance:testCases.TC_003@4659191b]" started-at="2024-02-29T11:38:23 IST" name="Wellness_Form" finished-at="2024-02-29T11:39:26 IST" duration-ms="63535" status="PASS">
          <reporter-output>
          </reporter-output>
        </test-method> <!-- Wellness_Form -->
        <test-method is-config="true" signature="close()[pri:0, instance:testCases.TC_003@4659191b]" started-at="2024-02-29T11:39:27 IST" name="close" finished-at="2024-02-29T11:39:33 IST" duration-ms="5844" status="PASS">
          <reporter-output>
          </reporter-output>
        </test-method> <!-- close -->
      </class> <!-- testCases.TC_003 -->
    </test> <!-- Test -->
  </suite> <!-- Suite -->
</testng-results>
