<?xml version="1.0" encoding="UTF-8"?>
<testng-results ignored="0" total="3" passed="3" failed="0" skipped="0">
  <reporter-output>
  </reporter-output>
  <suite started-at="2024-02-29T14:56:44 IST" name="Suite" finished-at="2024-02-29T15:05:49 IST" duration-ms="545276">
    <groups>
    </groups>
    <test started-at="2024-02-29T14:56:44 IST" name="Test" finished-at="2024-02-29T15:05:49 IST" duration-ms="545276">
      <class name="testCases.TC_003">
        <test-method is-config="true" signature="setup()[pri:0, instance:testCases.TC_003@273e7444]" started-at="2024-02-29T15:04:36 IST" name="setup" finished-at="2024-02-29T15:05:03 IST" duration-ms="26464" status="PASS">
          <reporter-output>
          </reporter-output>
        </test-method> <!-- setup -->
        <test-method is-config="true" signature="waitFun()[pri:0, instance:testCases.TC_003@273e7444]" started-at="2024-02-29T15:05:03 IST" name="waitFun" finished-at="2024-02-29T15:05:03 IST" duration-ms="9" status="PASS">
          <reporter-output>
          </reporter-output>
        </test-method> <!-- waitFun -->
        <test-method signature="Wellness_Form()[pri:0, instance:testCases.TC_003@273e7444]" started-at="2024-02-29T15:05:03 IST" name="Wellness_Form" finished-at="2024-02-29T15:05:43 IST" duration-ms="40201" status="PASS">
          <reporter-output>
          </reporter-output>
        </test-method> <!-- Wellness_Form -->
        <test-method is-config="true" signature="close()[pri:0, instance:testCases.TC_003@273e7444]" started-at="2024-02-29T15:05:44 IST" name="close" finished-at="2024-02-29T15:05:49 IST" duration-ms="5413" status="PASS">
          <reporter-output>
          </reporter-output>
        </test-method> <!-- close -->
      </class> <!-- testCases.TC_003 -->
      <class name="testCases.TC_001">
        <test-method is-config="true" signature="setup()[pri:0, instance:testCases.TC_001@6bd61f98]" started-at="2024-02-29T14:56:45 IST" name="setup" finished-at="2024-02-29T14:57:03 IST" duration-ms="18168" status="PASS">
          <reporter-output>
          </reporter-output>
        </test-method> <!-- setup -->
        <test-method is-config="true" signature="waitFun()[pri:0, instance:testCases.TC_001@6bd61f98]" started-at="2024-02-29T14:57:03 IST" name="waitFun" finished-at="2024-02-29T14:57:03 IST" duration-ms="12" status="PASS">
          <reporter-output>
          </reporter-output>
        </test-method> <!-- waitFun -->
        <test-method signature="Finding_Doctor()[pri:0, instance:testCases.TC_001@6bd61f98]" started-at="2024-02-29T14:57:03 IST" name="Finding_Doctor" finished-at="2024-02-29T15:04:04 IST" duration-ms="421153" status="PASS">
          <reporter-output>
          </reporter-output>
        </test-method> <!-- Finding_Doctor -->
        <test-method is-config="true" signature="close()[pri:0, instance:testCases.TC_001@6bd61f98]" started-at="2024-02-29T15:04:04 IST" name="close" finished-at="2024-02-29T15:04:09 IST" duration-ms="4399" status="PASS">
          <reporter-output>
          </reporter-output>
        </test-method> <!-- close -->
      </class> <!-- testCases.TC_001 -->
      <class name="testCases.TC_002">
        <test-method is-config="true" signature="setup()[pri:0, instance:testCases.TC_002@52b1beb6]" started-at="2024-02-29T15:04:09 IST" name="setup" finished-at="2024-02-29T15:04:26 IST" duration-ms="16931" status="PASS">
          <reporter-output>
          </reporter-output>
        </test-method> <!-- setup -->
        <test-method is-config="true" signature="waitFun()[pri:0, instance:testCases.TC_002@52b1beb6]" started-at="2024-02-29T15:04:26 IST" name="waitFun" finished-at="2024-02-29T15:04:26 IST" duration-ms="14" status="PASS">
          <reporter-output>
          </reporter-output>
        </test-method> <!-- waitFun -->
        <test-method signature="Top_Surgery()[pri:0, instance:testCases.TC_002@52b1beb6]" started-at="2024-02-29T15:04:26 IST" name="Top_Surgery" finished-at="2024-02-29T15:04:33 IST" duration-ms="7147" status="PASS">
          <reporter-output>
          </reporter-output>
        </test-method> <!-- Top_Surgery -->
        <test-method is-config="true" signature="close()[pri:0, instance:testCases.TC_002@52b1beb6]" started-at="2024-02-29T15:04:33 IST" name="close" finished-at="2024-02-29T15:04:36 IST" duration-ms="3013" status="PASS">
          <reporter-output>
          </reporter-output>
        </test-method> <!-- close -->
      </class> <!-- testCases.TC_002 -->
    </test> <!-- Test -->
  </suite> <!-- Suite -->
</testng-results>
